/home/racecar/ros2_ws/src/Team10_GROS5/install/racecar_gazebo/lib/python3.12/site-packages/racecar_gazebo/cmd_vel_to_ackermann_drive.py
/home/racecar/ros2_ws/src/Team10_GROS5/install/racecar_gazebo/lib/python3.12/site-packages/racecar_gazebo/gazebo_odometry.py
/home/racecar/ros2_ws/src/Team10_GROS5/install/racecar_gazebo/lib/python3.12/site-packages/racecar_gazebo/__init__.py
/home/racecar/ros2_ws/src/Team10_GROS5/install/racecar_gazebo/lib/python3.12/site-packages/racecar_gazebo/servo_commands.py
/home/racecar/ros2_ws/src/Team10_GROS5/install/racecar_gazebo/lib/python3.12/site-packages/racecar_gazebo/__pycache__/cmd_vel_to_ackermann_drive.cpython-312.pyc
/home/racecar/ros2_ws/src/Team10_GROS5/install/racecar_gazebo/lib/python3.12/site-packages/racecar_gazebo/__pycache__/gazebo_odometry.cpython-312.pyc
/home/racecar/ros2_ws/src/Team10_GROS5/install/racecar_gazebo/lib/python3.12/site-packages/racecar_gazebo/__pycache__/__init__.cpython-312.pyc
/home/racecar/ros2_ws/src/Team10_GROS5/install/racecar_gazebo/lib/python3.12/site-packages/racecar_gazebo/__pycache__/servo_commands.cpython-312.pyc
/home/racecar/ros2_ws/src/Team10_GROS5/install/racecar_gazebo/share/ament_index/resource_index/packages/racecar_gazebo
/home/racecar/ros2_ws/src/Team10_GROS5/install/racecar_gazebo/share/racecar_gazebo/package.xml
/home/racecar/ros2_ws/src/Team10_GROS5/install/racecar_gazebo/share/racecar_gazebo/models/parking_1/model.sdf
/home/racecar/ros2_ws/src/Team10_GROS5/install/racecar_gazebo/share/racecar_gazebo/models/parking_1/model.config
/home/racecar/ros2_ws/src/Team10_GROS5/install/racecar_gazebo/share/racecar_gazebo/models/cone/model.sdf
/home/racecar/ros2_ws/src/Team10_GROS5/install/racecar_gazebo/share/racecar_gazebo/models/cone/model.config
/home/racecar/ros2_ws/src/Team10_GROS5/install/racecar_gazebo/share/racecar_gazebo/models/walker_racecourse/model.sdf
/home/racecar/ros2_ws/src/Team10_GROS5/install/racecar_gazebo/share/racecar_gazebo/models/walker_racecourse/model.config
/home/racecar/ros2_ws/src/Team10_GROS5/install/racecar_gazebo/share/racecar_gazebo/models/MIT_Tunnel/ceiling_tiled.png
/home/racecar/ros2_ws/src/Team10_GROS5/install/racecar_gazebo/share/racecar_gazebo/models/MIT_Tunnel/model.sdf
/home/racecar/ros2_ws/src/Team10_GROS5/install/racecar_gazebo/share/racecar_gazebo/models/MIT_Tunnel/model.config
/home/racecar/ros2_ws/src/Team10_GROS5/install/racecar_gazebo/share/racecar_gazebo/models/tunnel_genie/model.sdf
/home/racecar/ros2_ws/src/Team10_GROS5/install/racecar_gazebo/share/racecar_gazebo/models/tunnel_genie/model.config
/home/racecar/ros2_ws/src/Team10_GROS5/install/racecar_gazebo/share/racecar_gazebo/launch/gazebo_control.launch.py
/home/racecar/ros2_ws/src/Team10_GROS5/install/racecar_gazebo/share/racecar_gazebo/launch/racecar_circuit.launch.py
/home/racecar/ros2_ws/src/Team10_GROS5/install/racecar_gazebo/share/racecar_gazebo/launch/racecar_tunnel_genie.launch.py
/home/racecar/ros2_ws/src/Team10_GROS5/install/racecar_gazebo/share/racecar_gazebo/launch/spawn_racecar.launch.py
/home/racecar/ros2_ws/src/Team10_GROS5/install/racecar_gazebo/share/racecar_gazebo/launch/spawn_2_racecars.launch.py
/home/racecar/ros2_ws/src/Team10_GROS5/install/racecar_gazebo/share/racecar_gazebo/launch/racecar_tunnel.launch.py
/home/racecar/ros2_ws/src/Team10_GROS5/install/racecar_gazebo/share/racecar_gazebo/worlds/racecar_cones.world
/home/racecar/ros2_ws/src/Team10_GROS5/install/racecar_gazebo/share/racecar_gazebo/worlds/racecar_circuit.world
/home/racecar/ros2_ws/src/Team10_GROS5/install/racecar_gazebo/share/racecar_gazebo/worlds/racecar_parking_1.world
/home/racecar/ros2_ws/src/Team10_GROS5/install/racecar_gazebo/share/racecar_gazebo/worlds/racecar_tunnel_genie.world
/home/racecar/ros2_ws/src/Team10_GROS5/install/racecar_gazebo/share/racecar_gazebo/worlds/racecar.world
/home/racecar/ros2_ws/src/Team10_GROS5/install/racecar_gazebo/share/racecar_gazebo/worlds/racecar_tunnel.world
/home/racecar/ros2_ws/src/Team10_GROS5/install/racecar_gazebo/share/racecar_gazebo/config/gazebo_control.yaml
/home/racecar/ros2_ws/src/Team10_GROS5/install/racecar_gazebo/share/racecar_gazebo/meshes/cone.dae
/home/racecar/ros2_ws/src/Team10_GROS5/install/racecar_gazebo/share/racecar_gazebo/meshes/walker_racecourse.dae
/home/racecar/ros2_ws/src/Team10_GROS5/install/racecar_gazebo/share/racecar_gazebo/meshes/parking_1.dae
/home/racecar/ros2_ws/src/Team10_GROS5/install/racecar_gazebo/share/racecar_gazebo/meshes/walker_racecourse_gray.dae
/home/racecar/ros2_ws/src/Team10_GROS5/install/racecar_gazebo/lib/python3.12/site-packages/racecar_gazebo-0.0.0-py3.12.egg-info/dependency_links.txt
/home/racecar/ros2_ws/src/Team10_GROS5/install/racecar_gazebo/lib/python3.12/site-packages/racecar_gazebo-0.0.0-py3.12.egg-info/PKG-INFO
/home/racecar/ros2_ws/src/Team10_GROS5/install/racecar_gazebo/lib/python3.12/site-packages/racecar_gazebo-0.0.0-py3.12.egg-info/entry_points.txt
/home/racecar/ros2_ws/src/Team10_GROS5/install/racecar_gazebo/lib/python3.12/site-packages/racecar_gazebo-0.0.0-py3.12.egg-info/requires.txt
/home/racecar/ros2_ws/src/Team10_GROS5/install/racecar_gazebo/lib/python3.12/site-packages/racecar_gazebo-0.0.0-py3.12.egg-info/top_level.txt
/home/racecar/ros2_ws/src/Team10_GROS5/install/racecar_gazebo/lib/python3.12/site-packages/racecar_gazebo-0.0.0-py3.12.egg-info/zip-safe
/home/racecar/ros2_ws/src/Team10_GROS5/install/racecar_gazebo/lib/python3.12/site-packages/racecar_gazebo-0.0.0-py3.12.egg-info/SOURCES.txt
/home/racecar/ros2_ws/src/Team10_GROS5/install/racecar_gazebo/lib/racecar_gazebo/cmd_vel_to_ackermann_drive
/home/racecar/ros2_ws/src/Team10_GROS5/install/racecar_gazebo/lib/racecar_gazebo/gazebo_odometry
/home/racecar/ros2_ws/src/Team10_GROS5/install/racecar_gazebo/lib/racecar_gazebo/servo_commands
