running egg_info
creating ../../build/racecar_bringup/racecar_bringup.egg-info
writing ../../build/racecar_bringup/racecar_bringup.egg-info/PKG-INFO
writing dependency_links to ../../build/racecar_bringup/racecar_bringup.egg-info/dependency_links.txt
writing entry points to ../../build/racecar_bringup/racecar_bringup.egg-info/entry_points.txt
writing requirements to ../../build/racecar_bringup/racecar_bringup.egg-info/requires.txt
writing top-level names to ../../build/racecar_bringup/racecar_bringup.egg-info/top_level.txt
writing manifest file '../../build/racecar_bringup/racecar_bringup.egg-info/SOURCES.txt'
reading manifest file '../../build/racecar_bringup/racecar_bringup.egg-info/SOURCES.txt'
writing manifest file '../../build/racecar_bringup/racecar_bringup.egg-info/SOURCES.txt'
running build
running build_py
creating /home/racecar/ros2_ws/src/Team10_GROS5/build/racecar_bringup/build
creating /home/racecar/ros2_ws/src/Team10_GROS5/build/racecar_bringup/build/lib
creating /home/racecar/ros2_ws/src/Team10_GROS5/build/racecar_bringup/build/lib/racecar_bringup
copying racecar_bringup/cmd_vel_arbitration.py -> /home/racecar/ros2_ws/src/Team10_GROS5/build/racecar_bringup/build/lib/racecar_bringup
copying racecar_bringup/test.py -> /home/racecar/ros2_ws/src/Team10_GROS5/build/racecar_bringup/build/lib/racecar_bringup
copying racecar_bringup/arduino_sensors.py -> /home/racecar/ros2_ws/src/Team10_GROS5/build/racecar_bringup/build/lib/racecar_bringup
copying racecar_bringup/__init__.py -> /home/racecar/ros2_ws/src/Team10_GROS5/build/racecar_bringup/build/lib/racecar_bringup
running install
running install_lib
creating /home/racecar/ros2_ws/src/Team10_GROS5/install/racecar_bringup/lib/python3.12/site-packages/racecar_bringup
copying /home/racecar/ros2_ws/src/Team10_GROS5/build/racecar_bringup/build/lib/racecar_bringup/cmd_vel_arbitration.py -> /home/racecar/ros2_ws/src/Team10_GROS5/install/racecar_bringup/lib/python3.12/site-packages/racecar_bringup
copying /home/racecar/ros2_ws/src/Team10_GROS5/build/racecar_bringup/build/lib/racecar_bringup/test.py -> /home/racecar/ros2_ws/src/Team10_GROS5/install/racecar_bringup/lib/python3.12/site-packages/racecar_bringup
copying /home/racecar/ros2_ws/src/Team10_GROS5/build/racecar_bringup/build/lib/racecar_bringup/arduino_sensors.py -> /home/racecar/ros2_ws/src/Team10_GROS5/install/racecar_bringup/lib/python3.12/site-packages/racecar_bringup
copying /home/racecar/ros2_ws/src/Team10_GROS5/build/racecar_bringup/build/lib/racecar_bringup/__init__.py -> /home/racecar/ros2_ws/src/Team10_GROS5/install/racecar_bringup/lib/python3.12/site-packages/racecar_bringup
byte-compiling /home/racecar/ros2_ws/src/Team10_GROS5/install/racecar_bringup/lib/python3.12/site-packages/racecar_bringup/cmd_vel_arbitration.py to cmd_vel_arbitration.cpython-312.pyc
byte-compiling /home/racecar/ros2_ws/src/Team10_GROS5/install/racecar_bringup/lib/python3.12/site-packages/racecar_bringup/test.py to test.cpython-312.pyc
byte-compiling /home/racecar/ros2_ws/src/Team10_GROS5/install/racecar_bringup/lib/python3.12/site-packages/racecar_bringup/arduino_sensors.py to arduino_sensors.cpython-312.pyc
byte-compiling /home/racecar/ros2_ws/src/Team10_GROS5/install/racecar_bringup/lib/python3.12/site-packages/racecar_bringup/__init__.py to __init__.cpython-312.pyc
running install_data
creating /home/racecar/ros2_ws/src/Team10_GROS5/install/racecar_bringup/share/ament_index
creating /home/racecar/ros2_ws/src/Team10_GROS5/install/racecar_bringup/share/ament_index/resource_index
creating /home/racecar/ros2_ws/src/Team10_GROS5/install/racecar_bringup/share/ament_index/resource_index/packages
copying resource/racecar_bringup -> /home/racecar/ros2_ws/src/Team10_GROS5/install/racecar_bringup/share/ament_index/resource_index/packages
copying package.xml -> /home/racecar/ros2_ws/src/Team10_GROS5/install/racecar_bringup/share/racecar_bringup
creating /home/racecar/ros2_ws/src/Team10_GROS5/install/racecar_bringup/share/racecar_bringup/launch
copying launch/GRO520.launch.py -> /home/racecar/ros2_ws/src/Team10_GROS5/install/racecar_bringup/share/racecar_bringup/launch
copying launch/GRO830.launch.py -> /home/racecar/ros2_ws/src/Team10_GROS5/install/racecar_bringup/share/racecar_bringup/launch
copying launch/teleop.launch.py -> /home/racecar/ros2_ws/src/Team10_GROS5/install/racecar_bringup/share/racecar_bringup/launch
copying launch/GRO525.launch.py -> /home/racecar/ros2_ws/src/Team10_GROS5/install/racecar_bringup/share/racecar_bringup/launch
copying launch/GRO501_P2.launch.py -> /home/racecar/ros2_ws/src/Team10_GROS5/install/racecar_bringup/share/racecar_bringup/launch
copying launch/GRO501_P1.launch.py -> /home/racecar/ros2_ws/src/Team10_GROS5/install/racecar_bringup/share/racecar_bringup/launch
copying launch/bringup.launch.py -> /home/racecar/ros2_ws/src/Team10_GROS5/install/racecar_bringup/share/racecar_bringup/launch
copying launch/rviz.launch.py -> /home/racecar/ros2_ws/src/Team10_GROS5/install/racecar_bringup/share/racecar_bringup/launch
running install_egg_info
Copying ../../build/racecar_bringup/racecar_bringup.egg-info to /home/racecar/ros2_ws/src/Team10_GROS5/install/racecar_bringup/lib/python3.12/site-packages/racecar_bringup-0.0.0-py3.12.egg-info
running install_scripts
Installing arduino_sensors script to /home/racecar/ros2_ws/src/Team10_GROS5/install/racecar_bringup/lib/racecar_bringup
Installing cmd_vel_arbitration script to /home/racecar/ros2_ws/src/Team10_GROS5/install/racecar_bringup/lib/racecar_bringup
Installing test script to /home/racecar/ros2_ws/src/Team10_GROS5/install/racecar_bringup/lib/racecar_bringup
writing list of installed files to '/home/racecar/ros2_ws/src/Team10_GROS5/build/racecar_bringup/install.log'
