[2.558s] Invoking command in '/home/racecar/ros2_ws/src/Team10_GROS5/racecar-ros2/racecar_bringup': DEBUGINFOD_URLS=https://debuginfod.ubuntu.com PYTHONPATH=/home/racecar/ros2_ws/src/Team10_GROS5/build/racecar_bringup/prefix_override:/usr/lib/python3/dist-packages/colcon_core/task/python/colcon_distutils_commands:/home/racecar/ros2_ws/src/Team10_GROS5/install/racecar_bringup/lib/python3.12/site-packages:${PYTHONPATH} /usr/bin/python3 -W ignore:setup.py install is deprecated -W ignore:easy_install command is deprecated setup.py egg_info --egg-base ../../build/racecar_bringup build --build-base /home/racecar/ros2_ws/src/Team10_GROS5/build/racecar_bringup/build install --record /home/racecar/ros2_ws/src/Team10_GROS5/build/racecar_bringup/install.log --single-version-externally-managed install_data
[3.140s] running egg_info
[3.140s] creating ../../build/racecar_bringup/racecar_bringup.egg-info
[3.185s] writing ../../build/racecar_bringup/racecar_bringup.egg-info/PKG-INFO
[3.185s] writing dependency_links to ../../build/racecar_bringup/racecar_bringup.egg-info/dependency_links.txt
[3.186s] writing entry points to ../../build/racecar_bringup/racecar_bringup.egg-info/entry_points.txt
[3.187s] writing requirements to ../../build/racecar_bringup/racecar_bringup.egg-info/requires.txt
[3.187s] writing top-level names to ../../build/racecar_bringup/racecar_bringup.egg-info/top_level.txt
[3.188s] writing manifest file '../../build/racecar_bringup/racecar_bringup.egg-info/SOURCES.txt'
[3.287s] reading manifest file '../../build/racecar_bringup/racecar_bringup.egg-info/SOURCES.txt'
[3.287s] writing manifest file '../../build/racecar_bringup/racecar_bringup.egg-info/SOURCES.txt'
[3.288s] running build
[3.289s] running build_py
[3.289s] creating /home/racecar/ros2_ws/src/Team10_GROS5/build/racecar_bringup/build
[3.290s] creating /home/racecar/ros2_ws/src/Team10_GROS5/build/racecar_bringup/build/lib
[3.291s] creating /home/racecar/ros2_ws/src/Team10_GROS5/build/racecar_bringup/build/lib/racecar_bringup
[3.293s] copying racecar_bringup/cmd_vel_arbitration.py -> /home/racecar/ros2_ws/src/Team10_GROS5/build/racecar_bringup/build/lib/racecar_bringup
[3.296s] copying racecar_bringup/test.py -> /home/racecar/ros2_ws/src/Team10_GROS5/build/racecar_bringup/build/lib/racecar_bringup
[3.297s] copying racecar_bringup/arduino_sensors.py -> /home/racecar/ros2_ws/src/Team10_GROS5/build/racecar_bringup/build/lib/racecar_bringup
[3.298s] copying racecar_bringup/__init__.py -> /home/racecar/ros2_ws/src/Team10_GROS5/build/racecar_bringup/build/lib/racecar_bringup
[3.306s] running install
[3.339s] running install_lib
[3.385s] creating /home/racecar/ros2_ws/src/Team10_GROS5/install/racecar_bringup/lib/python3.12/site-packages/racecar_bringup
[3.385s] copying /home/racecar/ros2_ws/src/Team10_GROS5/build/racecar_bringup/build/lib/racecar_bringup/cmd_vel_arbitration.py -> /home/racecar/ros2_ws/src/Team10_GROS5/install/racecar_bringup/lib/python3.12/site-packages/racecar_bringup
[3.386s] copying /home/racecar/ros2_ws/src/Team10_GROS5/build/racecar_bringup/build/lib/racecar_bringup/test.py -> /home/racecar/ros2_ws/src/Team10_GROS5/install/racecar_bringup/lib/python3.12/site-packages/racecar_bringup
[3.387s] copying /home/racecar/ros2_ws/src/Team10_GROS5/build/racecar_bringup/build/lib/racecar_bringup/arduino_sensors.py -> /home/racecar/ros2_ws/src/Team10_GROS5/install/racecar_bringup/lib/python3.12/site-packages/racecar_bringup
[3.388s] copying /home/racecar/ros2_ws/src/Team10_GROS5/build/racecar_bringup/build/lib/racecar_bringup/__init__.py -> /home/racecar/ros2_ws/src/Team10_GROS5/install/racecar_bringup/lib/python3.12/site-packages/racecar_bringup
[3.390s] byte-compiling /home/racecar/ros2_ws/src/Team10_GROS5/install/racecar_bringup/lib/python3.12/site-packages/racecar_bringup/cmd_vel_arbitration.py to cmd_vel_arbitration.cpython-312.pyc
[3.393s] byte-compiling /home/racecar/ros2_ws/src/Team10_GROS5/install/racecar_bringup/lib/python3.12/site-packages/racecar_bringup/test.py to test.cpython-312.pyc
[3.394s] byte-compiling /home/racecar/ros2_ws/src/Team10_GROS5/install/racecar_bringup/lib/python3.12/site-packages/racecar_bringup/arduino_sensors.py to arduino_sensors.cpython-312.pyc
[3.398s] byte-compiling /home/racecar/ros2_ws/src/Team10_GROS5/install/racecar_bringup/lib/python3.12/site-packages/racecar_bringup/__init__.py to __init__.cpython-312.pyc
[3.403s] running install_data
[3.403s] creating /home/racecar/ros2_ws/src/Team10_GROS5/install/racecar_bringup/share/ament_index
[3.403s] creating /home/racecar/ros2_ws/src/Team10_GROS5/install/racecar_bringup/share/ament_index/resource_index
[3.405s] creating /home/racecar/ros2_ws/src/Team10_GROS5/install/racecar_bringup/share/ament_index/resource_index/packages
[3.405s] copying resource/racecar_bringup -> /home/racecar/ros2_ws/src/Team10_GROS5/install/racecar_bringup/share/ament_index/resource_index/packages
[3.405s] copying package.xml -> /home/racecar/ros2_ws/src/Team10_GROS5/install/racecar_bringup/share/racecar_bringup
[3.406s] creating /home/racecar/ros2_ws/src/Team10_GROS5/install/racecar_bringup/share/racecar_bringup/launch
[3.412s] copying launch/GRO520.launch.py -> /home/racecar/ros2_ws/src/Team10_GROS5/install/racecar_bringup/share/racecar_bringup/launch
[3.414s] copying launch/GRO830.launch.py -> /home/racecar/ros2_ws/src/Team10_GROS5/install/racecar_bringup/share/racecar_bringup/launch
[3.414s] copying launch/teleop.launch.py -> /home/racecar/ros2_ws/src/Team10_GROS5/install/racecar_bringup/share/racecar_bringup/launch
[3.420s] copying launch/GRO525.launch.py -> /home/racecar/ros2_ws/src/Team10_GROS5/install/racecar_bringup/share/racecar_bringup/launch
[3.420s] copying launch/GRO501_P2.launch.py -> /home/racecar/ros2_ws/src/Team10_GROS5/install/racecar_bringup/share/racecar_bringup/launch
[3.420s] copying launch/GRO501_P1.launch.py -> /home/racecar/ros2_ws/src/Team10_GROS5/install/racecar_bringup/share/racecar_bringup/launch
[3.420s] copying launch/bringup.launch.py -> /home/racecar/ros2_ws/src/Team10_GROS5/install/racecar_bringup/share/racecar_bringup/launch
[3.421s] copying launch/rviz.launch.py -> /home/racecar/ros2_ws/src/Team10_GROS5/install/racecar_bringup/share/racecar_bringup/launch
[3.421s] running install_egg_info
[3.481s] Copying ../../build/racecar_bringup/racecar_bringup.egg-info to /home/racecar/ros2_ws/src/Team10_GROS5/install/racecar_bringup/lib/python3.12/site-packages/racecar_bringup-0.0.0-py3.12.egg-info
[3.483s] running install_scripts
[3.869s] Installing arduino_sensors script to /home/racecar/ros2_ws/src/Team10_GROS5/install/racecar_bringup/lib/racecar_bringup
[3.871s] Installing cmd_vel_arbitration script to /home/racecar/ros2_ws/src/Team10_GROS5/install/racecar_bringup/lib/racecar_bringup
[3.871s] Installing test script to /home/racecar/ros2_ws/src/Team10_GROS5/install/racecar_bringup/lib/racecar_bringup
[3.873s] writing list of installed files to '/home/racecar/ros2_ws/src/Team10_GROS5/build/racecar_bringup/install.log'
[4.020s] Invoked command in '/home/racecar/ros2_ws/src/Team10_GROS5/racecar-ros2/racecar_bringup' returned '0': DEBUGINFOD_URLS=https://debuginfod.ubuntu.com PYTHONPATH=/home/racecar/ros2_ws/src/Team10_GROS5/build/racecar_bringup/prefix_override:/usr/lib/python3/dist-packages/colcon_core/task/python/colcon_distutils_commands:/home/racecar/ros2_ws/src/Team10_GROS5/install/racecar_bringup/lib/python3.12/site-packages:${PYTHONPATH} /usr/bin/python3 -W ignore:setup.py install is deprecated -W ignore:easy_install command is deprecated setup.py egg_info --egg-base ../../build/racecar_bringup build --build-base /home/racecar/ros2_ws/src/Team10_GROS5/build/racecar_bringup/build install --record /home/racecar/ros2_ws/src/Team10_GROS5/build/racecar_bringup/install.log --single-version-externally-managed install_data
