/home/racecar/ros2_ws/src/Team10_GROS5/install/racecar_description/share/ament_index/resource_index/packages/racecar_description
/home/racecar/ros2_ws/src/Team10_GROS5/install/racecar_description/share/racecar_description/package.xml
/home/racecar/ros2_ws/src/Team10_GROS5/install/racecar_description/share/racecar_description/urdf/materials.xacro
/home/racecar/ros2_ws/src/Team10_GROS5/install/racecar_description/share/racecar_description/urdf/racecar.xacro
/home/racecar/ros2_ws/src/Team10_GROS5/install/racecar_description/share/racecar_description/urdf/macros.xacro
/home/racecar/ros2_ws/src/Team10_GROS5/install/racecar_description/share/racecar_description/urdf/racecar.gazebo
/home/racecar/ros2_ws/src/Team10_GROS5/install/racecar_description/share/racecar_description/meshes/right_rear_wheel.dae
/home/racecar/ros2_ws/src/Team10_GROS5/install/racecar_description/share/racecar_description/meshes/left_steering_hinge.STL
/home/racecar/ros2_ws/src/Team10_GROS5/install/racecar_description/share/racecar_description/meshes/right_front_wheel.STL
/home/racecar/ros2_ws/src/Team10_GROS5/install/racecar_description/share/racecar_description/meshes/left_steering_hinge.dae
/home/racecar/ros2_ws/src/Team10_GROS5/install/racecar_description/share/racecar_description/meshes/right_steering_hinge.dae
/home/racecar/ros2_ws/src/Team10_GROS5/install/racecar_description/share/racecar_description/meshes/chassis.dae
/home/racecar/ros2_ws/src/Team10_GROS5/install/racecar_description/share/racecar_description/meshes/chassis.STL
/home/racecar/ros2_ws/src/Team10_GROS5/install/racecar_description/share/racecar_description/meshes/hokuyo.dae
/home/racecar/ros2_ws/src/Team10_GROS5/install/racecar_description/share/racecar_description/meshes/right_front_wheel.dae
/home/racecar/ros2_ws/src/Team10_GROS5/install/racecar_description/share/racecar_description/meshes/left_front_wheel.dae
/home/racecar/ros2_ws/src/Team10_GROS5/install/racecar_description/share/racecar_description/meshes/left_front_wheel.STL
/home/racecar/ros2_ws/src/Team10_GROS5/install/racecar_description/share/racecar_description/meshes/left_rear_wheel.STL
/home/racecar/ros2_ws/src/Team10_GROS5/install/racecar_description/share/racecar_description/meshes/left_rear_wheel.dae
/home/racecar/ros2_ws/src/Team10_GROS5/install/racecar_description/share/racecar_description/meshes/right_rear_wheel.STL
/home/racecar/ros2_ws/src/Team10_GROS5/install/racecar_description/share/racecar_description/meshes/right_steering_hinge.STL
/home/racecar/ros2_ws/src/Team10_GROS5/install/racecar_description/share/racecar_description/config/ros_bridge.yaml
/home/racecar/ros2_ws/src/Team10_GROS5/install/racecar_description/lib/python3.12/site-packages/racecar_description-0.0.0-py3.12.egg-info/dependency_links.txt
/home/racecar/ros2_ws/src/Team10_GROS5/install/racecar_description/lib/python3.12/site-packages/racecar_description-0.0.0-py3.12.egg-info/PKG-INFO
/home/racecar/ros2_ws/src/Team10_GROS5/install/racecar_description/lib/python3.12/site-packages/racecar_description-0.0.0-py3.12.egg-info/requires.txt
/home/racecar/ros2_ws/src/Team10_GROS5/install/racecar_description/lib/python3.12/site-packages/racecar_description-0.0.0-py3.12.egg-info/top_level.txt
/home/racecar/ros2_ws/src/Team10_GROS5/install/racecar_description/lib/python3.12/site-packages/racecar_description-0.0.0-py3.12.egg-info/zip-safe
/home/racecar/ros2_ws/src/Team10_GROS5/install/racecar_description/lib/python3.12/site-packages/racecar_description-0.0.0-py3.12.egg-info/SOURCES.txt
