-- The C compiler identification is GNU 13.3.0
-- The CXX compiler identification is GNU 13.3.0
-- Detecting C compiler ABI info
-- Detecting C compiler ABI info - done
-- Check for working C compiler: /usr/bin/cc - skipped
-- Detecting C compile features
-- Detecting C compile features - done
-- Detecting CXX compiler ABI info
-- Detecting CXX compiler ABI info - done
-- Check for working CXX compiler: /usr/bin/c++ - skipped
-- Detecting CXX compile features
-- Detecting CXX compile features - done
-- Found ament_cmake: 2.5.4 (/opt/ros/jazzy/share/ament_cmake/cmake)
-- Found Python3: /usr/bin/python3 (found version "3.12.3") found components: Interpreter 
-- Found rclcpp: 28.1.9 (/opt/ros/jazzy/share/rclcpp/cmake)
-- Found rosidl_generator_c: 4.6.5 (/opt/ros/jazzy/share/rosidl_generator_c/cmake)
-- Found rosidl_generator_cpp: 4.6.5 (/opt/ros/jazzy/share/rosidl_generator_cpp/cmake)
-- Using all available rosidl_typesupport_c: rosidl_typesupport_fastrtps_c;rosidl_typesupport_introspection_c
-- Using all available rosidl_typesupport_cpp: rosidl_typesupport_fastrtps_cpp;rosidl_typesupport_introspection_cpp
-- Found rmw_implementation_cmake: 7.3.2 (/opt/ros/jazzy/share/rmw_implementation_cmake/cmake)
-- Found rmw_cyclonedds_cpp: 2.2.3 (/opt/ros/jazzy/share/rmw_cyclonedds_cpp/cmake)
-- Using RMW implementation 'rmw_cyclonedds_cpp' as default
-- Found std_msgs: 5.3.6 (/opt/ros/jazzy/share/std_msgs/cmake)
-- Found geometry_msgs: 5.3.6 (/opt/ros/jazzy/share/geometry_msgs/cmake)
-- Found serial: 1.2.1 (/home/racecar/ros2_ws/src/Team10_GROS5/install/serial/share/serial/cmake)
-- Found ament_lint_auto: 0.17.2 (/opt/ros/jazzy/share/ament_lint_auto/cmake)
-- Added test 'copyright' to check source files copyright and LICENSE
-- Added test 'cppcheck' to perform static code analysis on C / C++ code
-- Configured cppcheck include dirs: $<BUILD_INTERFACE:/home/racecar/ros2_ws/src/Team10_GROS5/racecar-ros2/racecar_serial/pb2roscpp/include>
-- Configured cppcheck exclude dirs and/or files: 
-- Added test 'lint_cmake' to check CMake code style
-- Added test 'uncrustify' to check C / C++ code style
-- Configured uncrustify additional arguments: 
-- Added test 'xmllint' to check XML markup files
-- Configuring done (2.6s)
-- Generating done (0.0s)
-- Build files have been written to: /home/racecar/ros2_ws/src/Team10_GROS5/build/pb2roscpp
[ 16%] [32mBuilding CXX object CMakeFiles/pb2roscpp.dir/src/pb2roscpp.cpp.o[0m
[ 33%] [32mBuilding C object CMakeFiles/pb2roscpp.dir/src/floatarray.pb.c.o[0m
[ 50%] [32mBuilding C object CMakeFiles/pb2roscpp.dir/src/pb_common.c.o[0m
[ 66%] [32mBuilding C object CMakeFiles/pb2roscpp.dir/src/pb_decode.c.o[0m
[ 83%] [32mBuilding C object CMakeFiles/pb2roscpp.dir/src/pb_encode.c.o[0m
[100%] [32m[1mLinking CXX executable pb2roscpp[0m
[100%] Built target pb2roscpp
-- Install configuration: ""
-- Installing: /home/racecar/ros2_ws/src/Team10_GROS5/install/pb2roscpp/lib/pb2roscpp/pb2roscpp
-- Set non-toolchain portion of runtime path of "/home/racecar/ros2_ws/src/Team10_GROS5/install/pb2roscpp/lib/pb2roscpp/pb2roscpp" to ""
-- Installing: /home/racecar/ros2_ws/src/Team10_GROS5/install/pb2roscpp/share/ament_index/resource_index/package_run_dependencies/pb2roscpp
-- Installing: /home/racecar/ros2_ws/src/Team10_GROS5/install/pb2roscpp/share/ament_index/resource_index/parent_prefix_path/pb2roscpp
-- Installing: /home/racecar/ros2_ws/src/Team10_GROS5/install/pb2roscpp/share/pb2roscpp/environment/ament_prefix_path.sh
-- Installing: /home/racecar/ros2_ws/src/Team10_GROS5/install/pb2roscpp/share/pb2roscpp/environment/ament_prefix_path.dsv
-- Installing: /home/racecar/ros2_ws/src/Team10_GROS5/install/pb2roscpp/share/pb2roscpp/environment/path.sh
-- Installing: /home/racecar/ros2_ws/src/Team10_GROS5/install/pb2roscpp/share/pb2roscpp/environment/path.dsv
-- Installing: /home/racecar/ros2_ws/src/Team10_GROS5/install/pb2roscpp/share/pb2roscpp/local_setup.bash
-- Installing: /home/racecar/ros2_ws/src/Team10_GROS5/install/pb2roscpp/share/pb2roscpp/local_setup.sh
-- Installing: /home/racecar/ros2_ws/src/Team10_GROS5/install/pb2roscpp/share/pb2roscpp/local_setup.zsh
-- Installing: /home/racecar/ros2_ws/src/Team10_GROS5/install/pb2roscpp/share/pb2roscpp/local_setup.dsv
-- Installing: /home/racecar/ros2_ws/src/Team10_GROS5/install/pb2roscpp/share/pb2roscpp/package.dsv
-- Installing: /home/racecar/ros2_ws/src/Team10_GROS5/install/pb2roscpp/share/ament_index/resource_index/packages/pb2roscpp
-- Installing: /home/racecar/ros2_ws/src/Team10_GROS5/install/pb2roscpp/share/pb2roscpp/cmake/pb2roscppConfig.cmake
-- Installing: /home/racecar/ros2_ws/src/Team10_GROS5/install/pb2roscpp/share/pb2roscpp/cmake/pb2roscppConfig-version.cmake
-- Installing: /home/racecar/ros2_ws/src/Team10_GROS5/install/pb2roscpp/share/pb2roscpp/package.xml
