[2.341s] Invoking command in '/home/racecar/ros2_ws/src/Team10_GROS5/racecar-ros2/racecar_beacon': DEBUGINFOD_URLS=https://debuginfod.ubuntu.com PYTHONPATH=/home/racecar/ros2_ws/src/Team10_GROS5/build/racecar_beacon/prefix_override:/usr/lib/python3/dist-packages/colcon_core/task/python/colcon_distutils_commands:/home/racecar/ros2_ws/src/Team10_GROS5/install/racecar_beacon/lib/python3.12/site-packages:${PYTHONPATH} /usr/bin/python3 -W ignore:setup.py install is deprecated -W ignore:easy_install command is deprecated setup.py egg_info --egg-base ../../build/racecar_beacon build --build-base /home/racecar/ros2_ws/src/Team10_GROS5/build/racecar_beacon/build install --record /home/racecar/ros2_ws/src/Team10_GROS5/build/racecar_beacon/install.log --single-version-externally-managed install_data
[2.915s] running egg_info
[2.916s] creating ../../build/racecar_beacon/racecar_beacon.egg-info
[2.965s] writing ../../build/racecar_beacon/racecar_beacon.egg-info/PKG-INFO
[2.965s] writing dependency_links to ../../build/racecar_beacon/racecar_beacon.egg-info/dependency_links.txt
[2.966s] writing entry points to ../../build/racecar_beacon/racecar_beacon.egg-info/entry_points.txt
[2.966s] writing requirements to ../../build/racecar_beacon/racecar_beacon.egg-info/requires.txt
[2.966s] writing top-level names to ../../build/racecar_beacon/racecar_beacon.egg-info/top_level.txt
[2.967s] writing manifest file '../../build/racecar_beacon/racecar_beacon.egg-info/SOURCES.txt'
[3.072s] reading manifest file '../../build/racecar_beacon/racecar_beacon.egg-info/SOURCES.txt'
[3.073s] adding license file 'LICENSE'
[3.076s] writing manifest file '../../build/racecar_beacon/racecar_beacon.egg-info/SOURCES.txt'
[3.077s] running build
[3.077s] running build_py
[3.078s] creating /home/racecar/ros2_ws/src/Team10_GROS5/build/racecar_beacon/build
[3.080s] creating /home/racecar/ros2_ws/src/Team10_GROS5/build/racecar_beacon/build/lib
[3.080s] creating /home/racecar/ros2_ws/src/Team10_GROS5/build/racecar_beacon/build/lib/racecar_beacon
[3.080s] copying racecar_beacon/lab_poll_pos.py -> /home/racecar/ros2_ws/src/Team10_GROS5/build/racecar_beacon/build/lib/racecar_beacon
[3.080s] copying racecar_beacon/ros_monitor.py -> /home/racecar/ros2_ws/src/Team10_GROS5/build/racecar_beacon/build/lib/racecar_beacon
[3.081s] copying racecar_beacon/utils.py -> /home/racecar/ros2_ws/src/Team10_GROS5/build/racecar_beacon/build/lib/racecar_beacon
[3.081s] copying racecar_beacon/vehicle_tracker.py -> /home/racecar/ros2_ws/src/Team10_GROS5/build/racecar_beacon/build/lib/racecar_beacon
[3.081s] copying racecar_beacon/remote_client.py -> /home/racecar/ros2_ws/src/Team10_GROS5/build/racecar_beacon/build/lib/racecar_beacon
[3.081s] copying racecar_beacon/__init__.py -> /home/racecar/ros2_ws/src/Team10_GROS5/build/racecar_beacon/build/lib/racecar_beacon
[3.081s] copying racecar_beacon/lab_chat_server.py -> /home/racecar/ros2_ws/src/Team10_GROS5/build/racecar_beacon/build/lib/racecar_beacon
[3.081s] copying racecar_beacon/lab_chat_client.py -> /home/racecar/ros2_ws/src/Team10_GROS5/build/racecar_beacon/build/lib/racecar_beacon
[3.086s] copying racecar_beacon/timerTest.py -> /home/racecar/ros2_ws/src/Team10_GROS5/build/racecar_beacon/build/lib/racecar_beacon
[3.086s] running install
[3.110s] running install_lib
[3.146s] creating /home/racecar/ros2_ws/src/Team10_GROS5/install/racecar_beacon/lib/python3.12/site-packages/racecar_beacon
[3.150s] copying /home/racecar/ros2_ws/src/Team10_GROS5/build/racecar_beacon/build/lib/racecar_beacon/lab_poll_pos.py -> /home/racecar/ros2_ws/src/Team10_GROS5/install/racecar_beacon/lib/python3.12/site-packages/racecar_beacon
[3.150s] copying /home/racecar/ros2_ws/src/Team10_GROS5/build/racecar_beacon/build/lib/racecar_beacon/ros_monitor.py -> /home/racecar/ros2_ws/src/Team10_GROS5/install/racecar_beacon/lib/python3.12/site-packages/racecar_beacon
[3.150s] copying /home/racecar/ros2_ws/src/Team10_GROS5/build/racecar_beacon/build/lib/racecar_beacon/utils.py -> /home/racecar/ros2_ws/src/Team10_GROS5/install/racecar_beacon/lib/python3.12/site-packages/racecar_beacon
[3.151s] copying /home/racecar/ros2_ws/src/Team10_GROS5/build/racecar_beacon/build/lib/racecar_beacon/vehicle_tracker.py -> /home/racecar/ros2_ws/src/Team10_GROS5/install/racecar_beacon/lib/python3.12/site-packages/racecar_beacon
[3.151s] copying /home/racecar/ros2_ws/src/Team10_GROS5/build/racecar_beacon/build/lib/racecar_beacon/remote_client.py -> /home/racecar/ros2_ws/src/Team10_GROS5/install/racecar_beacon/lib/python3.12/site-packages/racecar_beacon
[3.151s] copying /home/racecar/ros2_ws/src/Team10_GROS5/build/racecar_beacon/build/lib/racecar_beacon/__init__.py -> /home/racecar/ros2_ws/src/Team10_GROS5/install/racecar_beacon/lib/python3.12/site-packages/racecar_beacon
[3.151s] copying /home/racecar/ros2_ws/src/Team10_GROS5/build/racecar_beacon/build/lib/racecar_beacon/lab_chat_server.py -> /home/racecar/ros2_ws/src/Team10_GROS5/install/racecar_beacon/lib/python3.12/site-packages/racecar_beacon
[3.151s] copying /home/racecar/ros2_ws/src/Team10_GROS5/build/racecar_beacon/build/lib/racecar_beacon/lab_chat_client.py -> /home/racecar/ros2_ws/src/Team10_GROS5/install/racecar_beacon/lib/python3.12/site-packages/racecar_beacon
[3.151s] copying /home/racecar/ros2_ws/src/Team10_GROS5/build/racecar_beacon/build/lib/racecar_beacon/timerTest.py -> /home/racecar/ros2_ws/src/Team10_GROS5/install/racecar_beacon/lib/python3.12/site-packages/racecar_beacon
[3.151s] byte-compiling /home/racecar/ros2_ws/src/Team10_GROS5/install/racecar_beacon/lib/python3.12/site-packages/racecar_beacon/lab_poll_pos.py to lab_poll_pos.cpython-312.pyc
[3.151s] byte-compiling /home/racecar/ros2_ws/src/Team10_GROS5/install/racecar_beacon/lib/python3.12/site-packages/racecar_beacon/ros_monitor.py to ros_monitor.cpython-312.pyc
[3.152s] byte-compiling /home/racecar/ros2_ws/src/Team10_GROS5/install/racecar_beacon/lib/python3.12/site-packages/racecar_beacon/utils.py to utils.cpython-312.pyc
[3.153s] byte-compiling /home/racecar/ros2_ws/src/Team10_GROS5/install/racecar_beacon/lib/python3.12/site-packages/racecar_beacon/vehicle_tracker.py to vehicle_tracker.cpython-312.pyc
[3.155s] byte-compiling /home/racecar/ros2_ws/src/Team10_GROS5/install/racecar_beacon/lib/python3.12/site-packages/racecar_beacon/remote_client.py to remote_client.cpython-312.pyc
[3.155s] byte-compiling /home/racecar/ros2_ws/src/Team10_GROS5/install/racecar_beacon/lib/python3.12/site-packages/racecar_beacon/__init__.py to __init__.cpython-312.pyc
[3.155s] byte-compiling /home/racecar/ros2_ws/src/Team10_GROS5/install/racecar_beacon/lib/python3.12/site-packages/racecar_beacon/lab_chat_server.py to lab_chat_server.cpython-312.pyc
[3.155s] byte-compiling /home/racecar/ros2_ws/src/Team10_GROS5/install/racecar_beacon/lib/python3.12/site-packages/racecar_beacon/lab_chat_client.py to lab_chat_client.cpython-312.pyc
[3.156s] byte-compiling /home/racecar/ros2_ws/src/Team10_GROS5/install/racecar_beacon/lib/python3.12/site-packages/racecar_beacon/timerTest.py to timerTest.cpython-312.pyc
[3.156s] running install_data
[3.159s] creating /home/racecar/ros2_ws/src/Team10_GROS5/install/racecar_beacon/share/ament_index
[3.159s] creating /home/racecar/ros2_ws/src/Team10_GROS5/install/racecar_beacon/share/ament_index/resource_index
[3.159s] creating /home/racecar/ros2_ws/src/Team10_GROS5/install/racecar_beacon/share/ament_index/resource_index/packages
[3.159s] copying resource/racecar_beacon -> /home/racecar/ros2_ws/src/Team10_GROS5/install/racecar_beacon/share/ament_index/resource_index/packages
[3.159s] copying package.xml -> /home/racecar/ros2_ws/src/Team10_GROS5/install/racecar_beacon/share/racecar_beacon
[3.159s] running install_egg_info
[3.204s] Copying ../../build/racecar_beacon/racecar_beacon.egg-info to /home/racecar/ros2_ws/src/Team10_GROS5/install/racecar_beacon/lib/python3.12/site-packages/racecar_beacon-1.0.0-py3.12.egg-info
[3.206s] running install_scripts
[3.464s] Installing lab_chat_client script to /home/racecar/ros2_ws/src/Team10_GROS5/install/racecar_beacon/lib/racecar_beacon
[3.465s] Installing lab_chat_server script to /home/racecar/ros2_ws/src/Team10_GROS5/install/racecar_beacon/lib/racecar_beacon
[3.468s] Installing lab_poll_pos script to /home/racecar/ros2_ws/src/Team10_GROS5/install/racecar_beacon/lib/racecar_beacon
[3.468s] Installing remote_client script to /home/racecar/ros2_ws/src/Team10_GROS5/install/racecar_beacon/lib/racecar_beacon
[3.468s] Installing ros_monitor script to /home/racecar/ros2_ws/src/Team10_GROS5/install/racecar_beacon/lib/racecar_beacon
[3.469s] Installing vehicle_tracker script to /home/racecar/ros2_ws/src/Team10_GROS5/install/racecar_beacon/lib/racecar_beacon
[3.469s] writing list of installed files to '/home/racecar/ros2_ws/src/Team10_GROS5/build/racecar_beacon/install.log'
[3.614s] Invoked command in '/home/racecar/ros2_ws/src/Team10_GROS5/racecar-ros2/racecar_beacon' returned '0': DEBUGINFOD_URLS=https://debuginfod.ubuntu.com PYTHONPATH=/home/racecar/ros2_ws/src/Team10_GROS5/build/racecar_beacon/prefix_override:/usr/lib/python3/dist-packages/colcon_core/task/python/colcon_distutils_commands:/home/racecar/ros2_ws/src/Team10_GROS5/install/racecar_beacon/lib/python3.12/site-packages:${PYTHONPATH} /usr/bin/python3 -W ignore:setup.py install is deprecated -W ignore:easy_install command is deprecated setup.py egg_info --egg-base ../../build/racecar_beacon build --build-base /home/racecar/ros2_ws/src/Team10_GROS5/build/racecar_beacon/build install --record /home/racecar/ros2_ws/src/Team10_GROS5/build/racecar_beacon/install.log --single-version-externally-managed install_data
