running egg_info
creating ../../build/racecar_teleop/racecar_teleop.egg-info
writing ../../build/racecar_teleop/racecar_teleop.egg-info/PKG-INFO
writing dependency_links to ../../build/racecar_teleop/racecar_teleop.egg-info/dependency_links.txt
writing entry points to ../../build/racecar_teleop/racecar_teleop.egg-info/entry_points.txt
writing requirements to ../../build/racecar_teleop/racecar_teleop.egg-info/requires.txt
writing top-level names to ../../build/racecar_teleop/racecar_teleop.egg-info/top_level.txt
writing manifest file '../../build/racecar_teleop/racecar_teleop.egg-info/SOURCES.txt'
reading manifest file '../../build/racecar_teleop/racecar_teleop.egg-info/SOURCES.txt'
writing manifest file '../../build/racecar_teleop/racecar_teleop.egg-info/SOURCES.txt'
running build
running build_py
creating /home/racecar/ros2_ws/src/Team10_GROS5/build/racecar_teleop/build
creating /home/racecar/ros2_ws/src/Team10_GROS5/build/racecar_teleop/build/lib
creating /home/racecar/ros2_ws/src/Team10_GROS5/build/racecar_teleop/build/lib/racecar_teleop
copying racecar_teleop/slash_teleop.py -> /home/racecar/ros2_ws/src/Team10_GROS5/build/racecar_teleop/build/lib/racecar_teleop
copying racecar_teleop/__init__.py -> /home/racecar/ros2_ws/src/Team10_GROS5/build/racecar_teleop/build/lib/racecar_teleop
running install
running install_lib
creating /home/racecar/ros2_ws/src/Team10_GROS5/install/racecar_teleop/lib/python3.12/site-packages/racecar_teleop
copying /home/racecar/ros2_ws/src/Team10_GROS5/build/racecar_teleop/build/lib/racecar_teleop/slash_teleop.py -> /home/racecar/ros2_ws/src/Team10_GROS5/install/racecar_teleop/lib/python3.12/site-packages/racecar_teleop
copying /home/racecar/ros2_ws/src/Team10_GROS5/build/racecar_teleop/build/lib/racecar_teleop/__init__.py -> /home/racecar/ros2_ws/src/Team10_GROS5/install/racecar_teleop/lib/python3.12/site-packages/racecar_teleop
byte-compiling /home/racecar/ros2_ws/src/Team10_GROS5/install/racecar_teleop/lib/python3.12/site-packages/racecar_teleop/slash_teleop.py to slash_teleop.cpython-312.pyc
byte-compiling /home/racecar/ros2_ws/src/Team10_GROS5/install/racecar_teleop/lib/python3.12/site-packages/racecar_teleop/__init__.py to __init__.cpython-312.pyc
running install_data
creating /home/racecar/ros2_ws/src/Team10_GROS5/install/racecar_teleop/share/ament_index
creating /home/racecar/ros2_ws/src/Team10_GROS5/install/racecar_teleop/share/ament_index/resource_index
creating /home/racecar/ros2_ws/src/Team10_GROS5/install/racecar_teleop/share/ament_index/resource_index/packages
copying resource/racecar_teleop -> /home/racecar/ros2_ws/src/Team10_GROS5/install/racecar_teleop/share/ament_index/resource_index/packages
copying package.xml -> /home/racecar/ros2_ws/src/Team10_GROS5/install/racecar_teleop/share/racecar_teleop
running install_egg_info
Copying ../../build/racecar_teleop/racecar_teleop.egg-info to /home/racecar/ros2_ws/src/Team10_GROS5/install/racecar_teleop/lib/python3.12/site-packages/racecar_teleop-0.0.0-py3.12.egg-info
running install_scripts
Installing slash_teleop script to /home/racecar/ros2_ws/src/Team10_GROS5/install/racecar_teleop/lib/racecar_teleop
writing list of installed files to '/home/racecar/ros2_ws/src/Team10_GROS5/build/racecar_teleop/install.log'
