[1.807s] Invoking command in '/home/racecar/ros2_ws/src/Team10_GROS5/racecar-ros2/racecar_teleop': DEBUGINFOD_URLS=https://debuginfod.ubuntu.com PYTHONPATH=/home/racecar/ros2_ws/src/Team10_GROS5/build/racecar_teleop/prefix_override:/usr/lib/python3/dist-packages/colcon_core/task/python/colcon_distutils_commands:/home/racecar/ros2_ws/src/Team10_GROS5/install/racecar_teleop/lib/python3.12/site-packages:${PYTHONPATH} /usr/bin/python3 -W ignore:setup.py install is deprecated -W ignore:easy_install command is deprecated setup.py egg_info --egg-base ../../build/racecar_teleop build --build-base /home/racecar/ros2_ws/src/Team10_GROS5/build/racecar_teleop/build install --record /home/racecar/ros2_ws/src/Team10_GROS5/build/racecar_teleop/install.log --single-version-externally-managed install_data
[2.447s] running egg_info
[2.449s] creating ../../build/racecar_teleop/racecar_teleop.egg-info
[2.502s] writing ../../build/racecar_teleop/racecar_teleop.egg-info/PKG-INFO
[2.503s] writing dependency_links to ../../build/racecar_teleop/racecar_teleop.egg-info/dependency_links.txt
[2.505s] writing entry points to ../../build/racecar_teleop/racecar_teleop.egg-info/entry_points.txt
[2.507s] writing requirements to ../../build/racecar_teleop/racecar_teleop.egg-info/requires.txt
[2.507s] writing top-level names to ../../build/racecar_teleop/racecar_teleop.egg-info/top_level.txt
[2.507s] writing manifest file '../../build/racecar_teleop/racecar_teleop.egg-info/SOURCES.txt'
[2.621s] reading manifest file '../../build/racecar_teleop/racecar_teleop.egg-info/SOURCES.txt'
[2.623s] writing manifest file '../../build/racecar_teleop/racecar_teleop.egg-info/SOURCES.txt'
[2.624s] running build
[2.625s] running build_py
[2.625s] creating /home/racecar/ros2_ws/src/Team10_GROS5/build/racecar_teleop/build
[2.625s] creating /home/racecar/ros2_ws/src/Team10_GROS5/build/racecar_teleop/build/lib
[2.626s] creating /home/racecar/ros2_ws/src/Team10_GROS5/build/racecar_teleop/build/lib/racecar_teleop
[2.626s] copying racecar_teleop/slash_teleop.py -> /home/racecar/ros2_ws/src/Team10_GROS5/build/racecar_teleop/build/lib/racecar_teleop
[2.627s] copying racecar_teleop/__init__.py -> /home/racecar/ros2_ws/src/Team10_GROS5/build/racecar_teleop/build/lib/racecar_teleop
[2.629s] running install
[2.639s] running install_lib
[2.677s] creating /home/racecar/ros2_ws/src/Team10_GROS5/install/racecar_teleop/lib/python3.12/site-packages/racecar_teleop
[2.677s] copying /home/racecar/ros2_ws/src/Team10_GROS5/build/racecar_teleop/build/lib/racecar_teleop/slash_teleop.py -> /home/racecar/ros2_ws/src/Team10_GROS5/install/racecar_teleop/lib/python3.12/site-packages/racecar_teleop
[2.677s] copying /home/racecar/ros2_ws/src/Team10_GROS5/build/racecar_teleop/build/lib/racecar_teleop/__init__.py -> /home/racecar/ros2_ws/src/Team10_GROS5/install/racecar_teleop/lib/python3.12/site-packages/racecar_teleop
[2.677s] byte-compiling /home/racecar/ros2_ws/src/Team10_GROS5/install/racecar_teleop/lib/python3.12/site-packages/racecar_teleop/slash_teleop.py to slash_teleop.cpython-312.pyc
[2.677s] byte-compiling /home/racecar/ros2_ws/src/Team10_GROS5/install/racecar_teleop/lib/python3.12/site-packages/racecar_teleop/__init__.py to __init__.cpython-312.pyc
[2.678s] running install_data
[2.678s] creating /home/racecar/ros2_ws/src/Team10_GROS5/install/racecar_teleop/share/ament_index
[2.678s] creating /home/racecar/ros2_ws/src/Team10_GROS5/install/racecar_teleop/share/ament_index/resource_index
[2.678s] creating /home/racecar/ros2_ws/src/Team10_GROS5/install/racecar_teleop/share/ament_index/resource_index/packages
[2.678s] copying resource/racecar_teleop -> /home/racecar/ros2_ws/src/Team10_GROS5/install/racecar_teleop/share/ament_index/resource_index/packages
[2.678s] copying package.xml -> /home/racecar/ros2_ws/src/Team10_GROS5/install/racecar_teleop/share/racecar_teleop
[2.678s] running install_egg_info
[2.727s] Copying ../../build/racecar_teleop/racecar_teleop.egg-info to /home/racecar/ros2_ws/src/Team10_GROS5/install/racecar_teleop/lib/python3.12/site-packages/racecar_teleop-0.0.0-py3.12.egg-info
[2.729s] running install_scripts
[2.982s] Installing slash_teleop script to /home/racecar/ros2_ws/src/Team10_GROS5/install/racecar_teleop/lib/racecar_teleop
[2.982s] writing list of installed files to '/home/racecar/ros2_ws/src/Team10_GROS5/build/racecar_teleop/install.log'
[3.107s] Invoked command in '/home/racecar/ros2_ws/src/Team10_GROS5/racecar-ros2/racecar_teleop' returned '0': DEBUGINFOD_URLS=https://debuginfod.ubuntu.com PYTHONPATH=/home/racecar/ros2_ws/src/Team10_GROS5/build/racecar_teleop/prefix_override:/usr/lib/python3/dist-packages/colcon_core/task/python/colcon_distutils_commands:/home/racecar/ros2_ws/src/Team10_GROS5/install/racecar_teleop/lib/python3.12/site-packages:${PYTHONPATH} /usr/bin/python3 -W ignore:setup.py install is deprecated -W ignore:easy_install command is deprecated setup.py egg_info --egg-base ../../build/racecar_teleop build --build-base /home/racecar/ros2_ws/src/Team10_GROS5/build/racecar_teleop/build install --record /home/racecar/ros2_ws/src/Team10_GROS5/build/racecar_teleop/install.log --single-version-externally-managed install_data
