running egg_info
creating ../../build/racecar_gazebo/racecar_gazebo.egg-info
writing ../../build/racecar_gazebo/racecar_gazebo.egg-info/PKG-INFO
writing dependency_links to ../../build/racecar_gazebo/racecar_gazebo.egg-info/dependency_links.txt
writing entry points to ../../build/racecar_gazebo/racecar_gazebo.egg-info/entry_points.txt
writing requirements to ../../build/racecar_gazebo/racecar_gazebo.egg-info/requires.txt
writing top-level names to ../../build/racecar_gazebo/racecar_gazebo.egg-info/top_level.txt
writing manifest file '../../build/racecar_gazebo/racecar_gazebo.egg-info/SOURCES.txt'
reading manifest file '../../build/racecar_gazebo/racecar_gazebo.egg-info/SOURCES.txt'
writing manifest file '../../build/racecar_gazebo/racecar_gazebo.egg-info/SOURCES.txt'
running build
running build_py
creating /home/racecar/ros2_ws/src/Team10_GROS5/build/racecar_gazebo/build
creating /home/racecar/ros2_ws/src/Team10_GROS5/build/racecar_gazebo/build/lib
creating /home/racecar/ros2_ws/src/Team10_GROS5/build/racecar_gazebo/build/lib/racecar_gazebo
copying racecar_gazebo/cmd_vel_to_ackermann_drive.py -> /home/racecar/ros2_ws/src/Team10_GROS5/build/racecar_gazebo/build/lib/racecar_gazebo
copying racecar_gazebo/gazebo_odometry.py -> /home/racecar/ros2_ws/src/Team10_GROS5/build/racecar_gazebo/build/lib/racecar_gazebo
copying racecar_gazebo/__init__.py -> /home/racecar/ros2_ws/src/Team10_GROS5/build/racecar_gazebo/build/lib/racecar_gazebo
copying racecar_gazebo/servo_commands.py -> /home/racecar/ros2_ws/src/Team10_GROS5/build/racecar_gazebo/build/lib/racecar_gazebo
running install
running install_lib
creating /home/racecar/ros2_ws/src/Team10_GROS5/install/racecar_gazebo/lib/python3.12/site-packages/racecar_gazebo
copying /home/racecar/ros2_ws/src/Team10_GROS5/build/racecar_gazebo/build/lib/racecar_gazebo/cmd_vel_to_ackermann_drive.py -> /home/racecar/ros2_ws/src/Team10_GROS5/install/racecar_gazebo/lib/python3.12/site-packages/racecar_gazebo
copying /home/racecar/ros2_ws/src/Team10_GROS5/build/racecar_gazebo/build/lib/racecar_gazebo/gazebo_odometry.py -> /home/racecar/ros2_ws/src/Team10_GROS5/install/racecar_gazebo/lib/python3.12/site-packages/racecar_gazebo
copying /home/racecar/ros2_ws/src/Team10_GROS5/build/racecar_gazebo/build/lib/racecar_gazebo/__init__.py -> /home/racecar/ros2_ws/src/Team10_GROS5/install/racecar_gazebo/lib/python3.12/site-packages/racecar_gazebo
copying /home/racecar/ros2_ws/src/Team10_GROS5/build/racecar_gazebo/build/lib/racecar_gazebo/servo_commands.py -> /home/racecar/ros2_ws/src/Team10_GROS5/install/racecar_gazebo/lib/python3.12/site-packages/racecar_gazebo
byte-compiling /home/racecar/ros2_ws/src/Team10_GROS5/install/racecar_gazebo/lib/python3.12/site-packages/racecar_gazebo/cmd_vel_to_ackermann_drive.py to cmd_vel_to_ackermann_drive.cpython-312.pyc
byte-compiling /home/racecar/ros2_ws/src/Team10_GROS5/install/racecar_gazebo/lib/python3.12/site-packages/racecar_gazebo/gazebo_odometry.py to gazebo_odometry.cpython-312.pyc
byte-compiling /home/racecar/ros2_ws/src/Team10_GROS5/install/racecar_gazebo/lib/python3.12/site-packages/racecar_gazebo/__init__.py to __init__.cpython-312.pyc
byte-compiling /home/racecar/ros2_ws/src/Team10_GROS5/install/racecar_gazebo/lib/python3.12/site-packages/racecar_gazebo/servo_commands.py to servo_commands.cpython-312.pyc
running install_data
creating /home/racecar/ros2_ws/src/Team10_GROS5/install/racecar_gazebo/share/ament_index
creating /home/racecar/ros2_ws/src/Team10_GROS5/install/racecar_gazebo/share/ament_index/resource_index
creating /home/racecar/ros2_ws/src/Team10_GROS5/install/racecar_gazebo/share/ament_index/resource_index/packages
copying resource/racecar_gazebo -> /home/racecar/ros2_ws/src/Team10_GROS5/install/racecar_gazebo/share/ament_index/resource_index/packages
copying package.xml -> /home/racecar/ros2_ws/src/Team10_GROS5/install/racecar_gazebo/share/racecar_gazebo
creating /home/racecar/ros2_ws/src/Team10_GROS5/install/racecar_gazebo/share/racecar_gazebo/models
creating /home/racecar/ros2_ws/src/Team10_GROS5/install/racecar_gazebo/share/racecar_gazebo/models/parking_1
copying models/parking_1/model.sdf -> /home/racecar/ros2_ws/src/Team10_GROS5/install/racecar_gazebo/share/racecar_gazebo/models/parking_1
copying models/parking_1/model.config -> /home/racecar/ros2_ws/src/Team10_GROS5/install/racecar_gazebo/share/racecar_gazebo/models/parking_1
creating /home/racecar/ros2_ws/src/Team10_GROS5/install/racecar_gazebo/share/racecar_gazebo/models/cone
copying models/cone/model.sdf -> /home/racecar/ros2_ws/src/Team10_GROS5/install/racecar_gazebo/share/racecar_gazebo/models/cone
copying models/cone/model.config -> /home/racecar/ros2_ws/src/Team10_GROS5/install/racecar_gazebo/share/racecar_gazebo/models/cone
creating /home/racecar/ros2_ws/src/Team10_GROS5/install/racecar_gazebo/share/racecar_gazebo/models/walker_racecourse
copying models/walker_racecourse/model.sdf -> /home/racecar/ros2_ws/src/Team10_GROS5/install/racecar_gazebo/share/racecar_gazebo/models/walker_racecourse
copying models/walker_racecourse/model.config -> /home/racecar/ros2_ws/src/Team10_GROS5/install/racecar_gazebo/share/racecar_gazebo/models/walker_racecourse
creating /home/racecar/ros2_ws/src/Team10_GROS5/install/racecar_gazebo/share/racecar_gazebo/models/MIT_Tunnel
copying models/MIT_Tunnel/ceiling_tiled.png -> /home/racecar/ros2_ws/src/Team10_GROS5/install/racecar_gazebo/share/racecar_gazebo/models/MIT_Tunnel
copying models/MIT_Tunnel/model.sdf -> /home/racecar/ros2_ws/src/Team10_GROS5/install/racecar_gazebo/share/racecar_gazebo/models/MIT_Tunnel
copying models/MIT_Tunnel/model.config -> /home/racecar/ros2_ws/src/Team10_GROS5/install/racecar_gazebo/share/racecar_gazebo/models/MIT_Tunnel
creating /home/racecar/ros2_ws/src/Team10_GROS5/install/racecar_gazebo/share/racecar_gazebo/models/tunnel_genie
copying models/tunnel_genie/model.sdf -> /home/racecar/ros2_ws/src/Team10_GROS5/install/racecar_gazebo/share/racecar_gazebo/models/tunnel_genie
copying models/tunnel_genie/model.config -> /home/racecar/ros2_ws/src/Team10_GROS5/install/racecar_gazebo/share/racecar_gazebo/models/tunnel_genie
creating /home/racecar/ros2_ws/src/Team10_GROS5/install/racecar_gazebo/share/racecar_gazebo/launch
copying launch/gazebo_control.launch.py -> /home/racecar/ros2_ws/src/Team10_GROS5/install/racecar_gazebo/share/racecar_gazebo/launch/
copying launch/racecar_circuit.launch.py -> /home/racecar/ros2_ws/src/Team10_GROS5/install/racecar_gazebo/share/racecar_gazebo/launch/
copying launch/racecar_tunnel_genie.launch.py -> /home/racecar/ros2_ws/src/Team10_GROS5/install/racecar_gazebo/share/racecar_gazebo/launch/
copying launch/spawn_racecar.launch.py -> /home/racecar/ros2_ws/src/Team10_GROS5/install/racecar_gazebo/share/racecar_gazebo/launch/
copying launch/spawn_2_racecars.launch.py -> /home/racecar/ros2_ws/src/Team10_GROS5/install/racecar_gazebo/share/racecar_gazebo/launch/
copying launch/racecar_tunnel.launch.py -> /home/racecar/ros2_ws/src/Team10_GROS5/install/racecar_gazebo/share/racecar_gazebo/launch/
creating /home/racecar/ros2_ws/src/Team10_GROS5/install/racecar_gazebo/share/racecar_gazebo/worlds
copying worlds/racecar_cones.world -> /home/racecar/ros2_ws/src/Team10_GROS5/install/racecar_gazebo/share/racecar_gazebo/worlds/
copying worlds/racecar_circuit.world -> /home/racecar/ros2_ws/src/Team10_GROS5/install/racecar_gazebo/share/racecar_gazebo/worlds/
copying worlds/racecar_parking_1.world -> /home/racecar/ros2_ws/src/Team10_GROS5/install/racecar_gazebo/share/racecar_gazebo/worlds/
copying worlds/racecar_tunnel_genie.world -> /home/racecar/ros2_ws/src/Team10_GROS5/install/racecar_gazebo/share/racecar_gazebo/worlds/
copying worlds/racecar.world -> /home/racecar/ros2_ws/src/Team10_GROS5/install/racecar_gazebo/share/racecar_gazebo/worlds/
copying worlds/racecar_tunnel.world -> /home/racecar/ros2_ws/src/Team10_GROS5/install/racecar_gazebo/share/racecar_gazebo/worlds/
creating /home/racecar/ros2_ws/src/Team10_GROS5/install/racecar_gazebo/share/racecar_gazebo/config
copying config/gazebo_control.yaml -> /home/racecar/ros2_ws/src/Team10_GROS5/install/racecar_gazebo/share/racecar_gazebo/config/
creating /home/racecar/ros2_ws/src/Team10_GROS5/install/racecar_gazebo/share/racecar_gazebo/meshes
copying meshes/cone.dae -> /home/racecar/ros2_ws/src/Team10_GROS5/install/racecar_gazebo/share/racecar_gazebo/meshes/
copying meshes/walker_racecourse.dae -> /home/racecar/ros2_ws/src/Team10_GROS5/install/racecar_gazebo/share/racecar_gazebo/meshes/
copying meshes/parking_1.dae -> /home/racecar/ros2_ws/src/Team10_GROS5/install/racecar_gazebo/share/racecar_gazebo/meshes/
copying meshes/walker_racecourse_gray.dae -> /home/racecar/ros2_ws/src/Team10_GROS5/install/racecar_gazebo/share/racecar_gazebo/meshes/
running install_egg_info
Copying ../../build/racecar_gazebo/racecar_gazebo.egg-info to /home/racecar/ros2_ws/src/Team10_GROS5/install/racecar_gazebo/lib/python3.12/site-packages/racecar_gazebo-0.0.0-py3.12.egg-info
running install_scripts
Installing cmd_vel_to_ackermann_drive script to /home/racecar/ros2_ws/src/Team10_GROS5/install/racecar_gazebo/lib/racecar_gazebo
Installing gazebo_odometry script to /home/racecar/ros2_ws/src/Team10_GROS5/install/racecar_gazebo/lib/racecar_gazebo
Installing servo_commands script to /home/racecar/ros2_ws/src/Team10_GROS5/install/racecar_gazebo/lib/racecar_gazebo
writing list of installed files to '/home/racecar/ros2_ws/src/Team10_GROS5/build/racecar_gazebo/install.log'
