/home/racecar/ros2_ws/src/Team10_GROS5/install/racecar_bringup/lib/python3.12/site-packages/racecar_bringup/cmd_vel_arbitration.py
/home/racecar/ros2_ws/src/Team10_GROS5/install/racecar_bringup/lib/python3.12/site-packages/racecar_bringup/test.py
/home/racecar/ros2_ws/src/Team10_GROS5/install/racecar_bringup/lib/python3.12/site-packages/racecar_bringup/arduino_sensors.py
/home/racecar/ros2_ws/src/Team10_GROS5/install/racecar_bringup/lib/python3.12/site-packages/racecar_bringup/__init__.py
/home/racecar/ros2_ws/src/Team10_GROS5/install/racecar_bringup/lib/python3.12/site-packages/racecar_bringup/__pycache__/cmd_vel_arbitration.cpython-312.pyc
/home/racecar/ros2_ws/src/Team10_GROS5/install/racecar_bringup/lib/python3.12/site-packages/racecar_bringup/__pycache__/test.cpython-312.pyc
/home/racecar/ros2_ws/src/Team10_GROS5/install/racecar_bringup/lib/python3.12/site-packages/racecar_bringup/__pycache__/arduino_sensors.cpython-312.pyc
/home/racecar/ros2_ws/src/Team10_GROS5/install/racecar_bringup/lib/python3.12/site-packages/racecar_bringup/__pycache__/__init__.cpython-312.pyc
/home/racecar/ros2_ws/src/Team10_GROS5/install/racecar_bringup/share/ament_index/resource_index/packages/racecar_bringup
/home/racecar/ros2_ws/src/Team10_GROS5/install/racecar_bringup/share/racecar_bringup/package.xml
/home/racecar/ros2_ws/src/Team10_GROS5/install/racecar_bringup/share/racecar_bringup/launch/GRO520.launch.py
/home/racecar/ros2_ws/src/Team10_GROS5/install/racecar_bringup/share/racecar_bringup/launch/GRO830.launch.py
/home/racecar/ros2_ws/src/Team10_GROS5/install/racecar_bringup/share/racecar_bringup/launch/teleop.launch.py
/home/racecar/ros2_ws/src/Team10_GROS5/install/racecar_bringup/share/racecar_bringup/launch/GRO525.launch.py
/home/racecar/ros2_ws/src/Team10_GROS5/install/racecar_bringup/share/racecar_bringup/launch/GRO501_P2.launch.py
/home/racecar/ros2_ws/src/Team10_GROS5/install/racecar_bringup/share/racecar_bringup/launch/GRO501_P1.launch.py
/home/racecar/ros2_ws/src/Team10_GROS5/install/racecar_bringup/share/racecar_bringup/launch/bringup.launch.py
/home/racecar/ros2_ws/src/Team10_GROS5/install/racecar_bringup/share/racecar_bringup/launch/rviz.launch.py
/home/racecar/ros2_ws/src/Team10_GROS5/install/racecar_bringup/share/racecar_bringup/launch
/home/racecar/ros2_ws/src/Team10_GROS5/install/racecar_bringup/lib/python3.12/site-packages/racecar_bringup-0.0.0-py3.12.egg-info/dependency_links.txt
/home/racecar/ros2_ws/src/Team10_GROS5/install/racecar_bringup/lib/python3.12/site-packages/racecar_bringup-0.0.0-py3.12.egg-info/PKG-INFO
/home/racecar/ros2_ws/src/Team10_GROS5/install/racecar_bringup/lib/python3.12/site-packages/racecar_bringup-0.0.0-py3.12.egg-info/entry_points.txt
/home/racecar/ros2_ws/src/Team10_GROS5/install/racecar_bringup/lib/python3.12/site-packages/racecar_bringup-0.0.0-py3.12.egg-info/requires.txt
/home/racecar/ros2_ws/src/Team10_GROS5/install/racecar_bringup/lib/python3.12/site-packages/racecar_bringup-0.0.0-py3.12.egg-info/top_level.txt
/home/racecar/ros2_ws/src/Team10_GROS5/install/racecar_bringup/lib/python3.12/site-packages/racecar_bringup-0.0.0-py3.12.egg-info/zip-safe
/home/racecar/ros2_ws/src/Team10_GROS5/install/racecar_bringup/lib/python3.12/site-packages/racecar_bringup-0.0.0-py3.12.egg-info/SOURCES.txt
/home/racecar/ros2_ws/src/Team10_GROS5/install/racecar_bringup/lib/racecar_bringup/arduino_sensors
/home/racecar/ros2_ws/src/Team10_GROS5/install/racecar_bringup/lib/racecar_bringup/cmd_vel_arbitration
/home/racecar/ros2_ws/src/Team10_GROS5/install/racecar_bringup/lib/racecar_bringup/test
