running egg_info
creating ../../build/racecar_autopilot/racecar_autopilot.egg-info
writing ../../build/racecar_autopilot/racecar_autopilot.egg-info/PKG-INFO
writing dependency_links to ../../build/racecar_autopilot/racecar_autopilot.egg-info/dependency_links.txt
writing entry points to ../../build/racecar_autopilot/racecar_autopilot.egg-info/entry_points.txt
writing requirements to ../../build/racecar_autopilot/racecar_autopilot.egg-info/requires.txt
writing top-level names to ../../build/racecar_autopilot/racecar_autopilot.egg-info/top_level.txt
writing manifest file '../../build/racecar_autopilot/racecar_autopilot.egg-info/SOURCES.txt'
reading manifest file '../../build/racecar_autopilot/racecar_autopilot.egg-info/SOURCES.txt'
writing manifest file '../../build/racecar_autopilot/racecar_autopilot.egg-info/SOURCES.txt'
running build
running build_py
creating /home/racecar/ros2_ws/src/Team10_GROS5/build/racecar_autopilot/build
creating /home/racecar/ros2_ws/src/Team10_GROS5/build/racecar_autopilot/build/lib
creating /home/racecar/ros2_ws/src/Team10_GROS5/build/racecar_autopilot/build/lib/racecar_autopilot
copying racecar_autopilot/wall_estimator.py -> /home/racecar/ros2_ws/src/Team10_GROS5/build/racecar_autopilot/build/lib/racecar_autopilot
copying racecar_autopilot/slash_controller.py -> /home/racecar/ros2_ws/src/Team10_GROS5/build/racecar_autopilot/build/lib/racecar_autopilot
copying racecar_autopilot/__init__.py -> /home/racecar/ros2_ws/src/Team10_GROS5/build/racecar_autopilot/build/lib/racecar_autopilot
running install
running install_lib
creating /home/racecar/ros2_ws/src/Team10_GROS5/install/racecar_autopilot/lib/python3.12/site-packages/racecar_autopilot
copying /home/racecar/ros2_ws/src/Team10_GROS5/build/racecar_autopilot/build/lib/racecar_autopilot/wall_estimator.py -> /home/racecar/ros2_ws/src/Team10_GROS5/install/racecar_autopilot/lib/python3.12/site-packages/racecar_autopilot
copying /home/racecar/ros2_ws/src/Team10_GROS5/build/racecar_autopilot/build/lib/racecar_autopilot/slash_controller.py -> /home/racecar/ros2_ws/src/Team10_GROS5/install/racecar_autopilot/lib/python3.12/site-packages/racecar_autopilot
copying /home/racecar/ros2_ws/src/Team10_GROS5/build/racecar_autopilot/build/lib/racecar_autopilot/__init__.py -> /home/racecar/ros2_ws/src/Team10_GROS5/install/racecar_autopilot/lib/python3.12/site-packages/racecar_autopilot
byte-compiling /home/racecar/ros2_ws/src/Team10_GROS5/install/racecar_autopilot/lib/python3.12/site-packages/racecar_autopilot/wall_estimator.py to wall_estimator.cpython-312.pyc
byte-compiling /home/racecar/ros2_ws/src/Team10_GROS5/install/racecar_autopilot/lib/python3.12/site-packages/racecar_autopilot/slash_controller.py to slash_controller.cpython-312.pyc
byte-compiling /home/racecar/ros2_ws/src/Team10_GROS5/install/racecar_autopilot/lib/python3.12/site-packages/racecar_autopilot/__init__.py to __init__.cpython-312.pyc
running install_data
creating /home/racecar/ros2_ws/src/Team10_GROS5/install/racecar_autopilot/share/ament_index
creating /home/racecar/ros2_ws/src/Team10_GROS5/install/racecar_autopilot/share/ament_index/resource_index
creating /home/racecar/ros2_ws/src/Team10_GROS5/install/racecar_autopilot/share/ament_index/resource_index/packages
copying resource/racecar_autopilot -> /home/racecar/ros2_ws/src/Team10_GROS5/install/racecar_autopilot/share/ament_index/resource_index/packages
copying package.xml -> /home/racecar/ros2_ws/src/Team10_GROS5/install/racecar_autopilot/share/racecar_autopilot
running install_egg_info
Copying ../../build/racecar_autopilot/racecar_autopilot.egg-info to /home/racecar/ros2_ws/src/Team10_GROS5/install/racecar_autopilot/lib/python3.12/site-packages/racecar_autopilot-0.0.0-py3.12.egg-info
running install_scripts
Installing slash_controller script to /home/racecar/ros2_ws/src/Team10_GROS5/install/racecar_autopilot/lib/racecar_autopilot
Installing wall_estimator script to /home/racecar/ros2_ws/src/Team10_GROS5/install/racecar_autopilot/lib/racecar_autopilot
writing list of installed files to '/home/racecar/ros2_ws/src/Team10_GROS5/build/racecar_autopilot/install.log'
