/home/racecar/ros2_ws/src/Team10_GROS5/install/racecar_beacon/lib/python3.12/site-packages/racecar_beacon/lab_poll_pos.py
/home/racecar/ros2_ws/src/Team10_GROS5/install/racecar_beacon/lib/python3.12/site-packages/racecar_beacon/ros_monitor.py
/home/racecar/ros2_ws/src/Team10_GROS5/install/racecar_beacon/lib/python3.12/site-packages/racecar_beacon/utils.py
/home/racecar/ros2_ws/src/Team10_GROS5/install/racecar_beacon/lib/python3.12/site-packages/racecar_beacon/vehicle_tracker.py
/home/racecar/ros2_ws/src/Team10_GROS5/install/racecar_beacon/lib/python3.12/site-packages/racecar_beacon/remote_client.py
/home/racecar/ros2_ws/src/Team10_GROS5/install/racecar_beacon/lib/python3.12/site-packages/racecar_beacon/__init__.py
/home/racecar/ros2_ws/src/Team10_GROS5/install/racecar_beacon/lib/python3.12/site-packages/racecar_beacon/lab_chat_server.py
/home/racecar/ros2_ws/src/Team10_GROS5/install/racecar_beacon/lib/python3.12/site-packages/racecar_beacon/lab_chat_client.py
/home/racecar/ros2_ws/src/Team10_GROS5/install/racecar_beacon/lib/python3.12/site-packages/racecar_beacon/timerTest.py
/home/racecar/ros2_ws/src/Team10_GROS5/install/racecar_beacon/lib/python3.12/site-packages/racecar_beacon/__pycache__/lab_poll_pos.cpython-312.pyc
/home/racecar/ros2_ws/src/Team10_GROS5/install/racecar_beacon/lib/python3.12/site-packages/racecar_beacon/__pycache__/ros_monitor.cpython-312.pyc
/home/racecar/ros2_ws/src/Team10_GROS5/install/racecar_beacon/lib/python3.12/site-packages/racecar_beacon/__pycache__/utils.cpython-312.pyc
/home/racecar/ros2_ws/src/Team10_GROS5/install/racecar_beacon/lib/python3.12/site-packages/racecar_beacon/__pycache__/vehicle_tracker.cpython-312.pyc
/home/racecar/ros2_ws/src/Team10_GROS5/install/racecar_beacon/lib/python3.12/site-packages/racecar_beacon/__pycache__/remote_client.cpython-312.pyc
/home/racecar/ros2_ws/src/Team10_GROS5/install/racecar_beacon/lib/python3.12/site-packages/racecar_beacon/__pycache__/__init__.cpython-312.pyc
/home/racecar/ros2_ws/src/Team10_GROS5/install/racecar_beacon/lib/python3.12/site-packages/racecar_beacon/__pycache__/lab_chat_server.cpython-312.pyc
/home/racecar/ros2_ws/src/Team10_GROS5/install/racecar_beacon/lib/python3.12/site-packages/racecar_beacon/__pycache__/lab_chat_client.cpython-312.pyc
/home/racecar/ros2_ws/src/Team10_GROS5/install/racecar_beacon/lib/python3.12/site-packages/racecar_beacon/__pycache__/timerTest.cpython-312.pyc
/home/racecar/ros2_ws/src/Team10_GROS5/install/racecar_beacon/share/ament_index/resource_index/packages/racecar_beacon
/home/racecar/ros2_ws/src/Team10_GROS5/install/racecar_beacon/share/racecar_beacon/package.xml
/home/racecar/ros2_ws/src/Team10_GROS5/install/racecar_beacon/lib/python3.12/site-packages/racecar_beacon-1.0.0-py3.12.egg-info/dependency_links.txt
/home/racecar/ros2_ws/src/Team10_GROS5/install/racecar_beacon/lib/python3.12/site-packages/racecar_beacon-1.0.0-py3.12.egg-info/PKG-INFO
/home/racecar/ros2_ws/src/Team10_GROS5/install/racecar_beacon/lib/python3.12/site-packages/racecar_beacon-1.0.0-py3.12.egg-info/entry_points.txt
/home/racecar/ros2_ws/src/Team10_GROS5/install/racecar_beacon/lib/python3.12/site-packages/racecar_beacon-1.0.0-py3.12.egg-info/requires.txt
/home/racecar/ros2_ws/src/Team10_GROS5/install/racecar_beacon/lib/python3.12/site-packages/racecar_beacon-1.0.0-py3.12.egg-info/top_level.txt
/home/racecar/ros2_ws/src/Team10_GROS5/install/racecar_beacon/lib/python3.12/site-packages/racecar_beacon-1.0.0-py3.12.egg-info/zip-safe
/home/racecar/ros2_ws/src/Team10_GROS5/install/racecar_beacon/lib/python3.12/site-packages/racecar_beacon-1.0.0-py3.12.egg-info/SOURCES.txt
/home/racecar/ros2_ws/src/Team10_GROS5/install/racecar_beacon/lib/racecar_beacon/lab_chat_client
/home/racecar/ros2_ws/src/Team10_GROS5/install/racecar_beacon/lib/racecar_beacon/lab_chat_server
/home/racecar/ros2_ws/src/Team10_GROS5/install/racecar_beacon/lib/racecar_beacon/lab_poll_pos
/home/racecar/ros2_ws/src/Team10_GROS5/install/racecar_beacon/lib/racecar_beacon/remote_client
/home/racecar/ros2_ws/src/Team10_GROS5/install/racecar_beacon/lib/racecar_beacon/ros_monitor
/home/racecar/ros2_ws/src/Team10_GROS5/install/racecar_beacon/lib/racecar_beacon/vehicle_tracker
