[2.555s] Invoking command in '/home/racecar/ros2_ws/src/Team10_GROS5/racecar-ros2/racecar_behaviors': DEBUGINFOD_URLS=https://debuginfod.ubuntu.com PYTHONPATH=/home/racecar/ros2_ws/src/Team10_GROS5/build/racecar_behaviors/prefix_override:/usr/lib/python3/dist-packages/colcon_core/task/python/colcon_distutils_commands:/home/racecar/ros2_ws/src/Team10_GROS5/install/racecar_behaviors/lib/python3.12/site-packages:${PYTHONPATH} /usr/bin/python3 -W ignore:setup.py install is deprecated -W ignore:easy_install command is deprecated setup.py egg_info --egg-base ../../build/racecar_behaviors build --build-base /home/racecar/ros2_ws/src/Team10_GROS5/build/racecar_behaviors/build install --record /home/racecar/ros2_ws/src/Team10_GROS5/build/racecar_behaviors/install.log --single-version-externally-managed install_data
[3.171s] running egg_info
[3.173s] creating ../../build/racecar_behaviors/racecar_behaviors.egg-info
[3.241s] writing ../../build/racecar_behaviors/racecar_behaviors.egg-info/PKG-INFO
[3.242s] writing dependency_links to ../../build/racecar_behaviors/racecar_behaviors.egg-info/dependency_links.txt
[3.242s] writing entry points to ../../build/racecar_behaviors/racecar_behaviors.egg-info/entry_points.txt
[3.243s] writing requirements to ../../build/racecar_behaviors/racecar_behaviors.egg-info/requires.txt
[3.243s] writing top-level names to ../../build/racecar_behaviors/racecar_behaviors.egg-info/top_level.txt
[3.246s] writing manifest file '../../build/racecar_behaviors/racecar_behaviors.egg-info/SOURCES.txt'
[3.476s] reading manifest file '../../build/racecar_behaviors/racecar_behaviors.egg-info/SOURCES.txt'
[3.477s] adding license file 'LICENSE'
[3.484s] writing manifest file '../../build/racecar_behaviors/racecar_behaviors.egg-info/SOURCES.txt'
[3.485s] running build
[3.485s] running build_py
[3.486s] creating /home/racecar/ros2_ws/src/Team10_GROS5/build/racecar_behaviors/build
[3.488s] creating /home/racecar/ros2_ws/src/Team10_GROS5/build/racecar_behaviors/build/lib
[3.488s] creating /home/racecar/ros2_ws/src/Team10_GROS5/build/racecar_behaviors/build/lib/racecar_behaviors
[3.488s] copying racecar_behaviors/laserscan_to_pointcloud.py -> /home/racecar/ros2_ws/src/Team10_GROS5/build/racecar_behaviors/build/lib/racecar_behaviors
[3.489s] copying racecar_behaviors/labo_brushfire.py -> /home/racecar/ros2_ws/src/Team10_GROS5/build/racecar_behaviors/build/lib/racecar_behaviors
[3.490s] copying racecar_behaviors/blob_detector.py -> /home/racecar/ros2_ws/src/Team10_GROS5/build/racecar_behaviors/build/lib/racecar_behaviors
[3.491s] copying racecar_behaviors/obstacle_detector.py -> /home/racecar/ros2_ws/src/Team10_GROS5/build/racecar_behaviors/build/lib/racecar_behaviors
[3.492s] copying racecar_behaviors/libbehaviors.py -> /home/racecar/ros2_ws/src/Team10_GROS5/build/racecar_behaviors/build/lib/racecar_behaviors
[3.494s] copying racecar_behaviors/__init__.py -> /home/racecar/ros2_ws/src/Team10_GROS5/build/racecar_behaviors/build/lib/racecar_behaviors
[3.495s] copying racecar_behaviors/path_following.py -> /home/racecar/ros2_ws/src/Team10_GROS5/build/racecar_behaviors/build/lib/racecar_behaviors
[3.497s] running install
[3.526s] running install_lib
[3.646s] creating /home/racecar/ros2_ws/src/Team10_GROS5/install/racecar_behaviors/lib/python3.12/site-packages/racecar_behaviors
[3.647s] copying /home/racecar/ros2_ws/src/Team10_GROS5/build/racecar_behaviors/build/lib/racecar_behaviors/laserscan_to_pointcloud.py -> /home/racecar/ros2_ws/src/Team10_GROS5/install/racecar_behaviors/lib/python3.12/site-packages/racecar_behaviors
[3.648s] copying /home/racecar/ros2_ws/src/Team10_GROS5/build/racecar_behaviors/build/lib/racecar_behaviors/labo_brushfire.py -> /home/racecar/ros2_ws/src/Team10_GROS5/install/racecar_behaviors/lib/python3.12/site-packages/racecar_behaviors
[3.649s] copying /home/racecar/ros2_ws/src/Team10_GROS5/build/racecar_behaviors/build/lib/racecar_behaviors/blob_detector.py -> /home/racecar/ros2_ws/src/Team10_GROS5/install/racecar_behaviors/lib/python3.12/site-packages/racecar_behaviors
[3.649s] copying /home/racecar/ros2_ws/src/Team10_GROS5/build/racecar_behaviors/build/lib/racecar_behaviors/obstacle_detector.py -> /home/racecar/ros2_ws/src/Team10_GROS5/install/racecar_behaviors/lib/python3.12/site-packages/racecar_behaviors
[3.650s] copying /home/racecar/ros2_ws/src/Team10_GROS5/build/racecar_behaviors/build/lib/racecar_behaviors/libbehaviors.py -> /home/racecar/ros2_ws/src/Team10_GROS5/install/racecar_behaviors/lib/python3.12/site-packages/racecar_behaviors
[3.655s] copying /home/racecar/ros2_ws/src/Team10_GROS5/build/racecar_behaviors/build/lib/racecar_behaviors/__init__.py -> /home/racecar/ros2_ws/src/Team10_GROS5/install/racecar_behaviors/lib/python3.12/site-packages/racecar_behaviors
[3.655s] copying /home/racecar/ros2_ws/src/Team10_GROS5/build/racecar_behaviors/build/lib/racecar_behaviors/path_following.py -> /home/racecar/ros2_ws/src/Team10_GROS5/install/racecar_behaviors/lib/python3.12/site-packages/racecar_behaviors
[3.656s] byte-compiling /home/racecar/ros2_ws/src/Team10_GROS5/install/racecar_behaviors/lib/python3.12/site-packages/racecar_behaviors/laserscan_to_pointcloud.py to laserscan_to_pointcloud.cpython-312.pyc
[3.661s] byte-compiling /home/racecar/ros2_ws/src/Team10_GROS5/install/racecar_behaviors/lib/python3.12/site-packages/racecar_behaviors/labo_brushfire.py to labo_brushfire.cpython-312.pyc
[3.667s] byte-compiling /home/racecar/ros2_ws/src/Team10_GROS5/install/racecar_behaviors/lib/python3.12/site-packages/racecar_behaviors/blob_detector.py to blob_detector.cpython-312.pyc
[3.675s] byte-compiling /home/racecar/ros2_ws/src/Team10_GROS5/install/racecar_behaviors/lib/python3.12/site-packages/racecar_behaviors/obstacle_detector.py to obstacle_detector.cpython-312.pyc
[3.680s] byte-compiling /home/racecar/ros2_ws/src/Team10_GROS5/install/racecar_behaviors/lib/python3.12/site-packages/racecar_behaviors/libbehaviors.py to libbehaviors.cpython-312.pyc
[3.682s] byte-compiling /home/racecar/ros2_ws/src/Team10_GROS5/install/racecar_behaviors/lib/python3.12/site-packages/racecar_behaviors/__init__.py to __init__.cpython-312.pyc
[3.683s] byte-compiling /home/racecar/ros2_ws/src/Team10_GROS5/install/racecar_behaviors/lib/python3.12/site-packages/racecar_behaviors/path_following.py to path_following.cpython-312.pyc
[3.690s] running install_data
[3.690s] creating /home/racecar/ros2_ws/src/Team10_GROS5/install/racecar_behaviors/share/ament_index
[3.690s] creating /home/racecar/ros2_ws/src/Team10_GROS5/install/racecar_behaviors/share/ament_index/resource_index
[3.690s] creating /home/racecar/ros2_ws/src/Team10_GROS5/install/racecar_behaviors/share/ament_index/resource_index/packages
[3.690s] copying resource/racecar_behaviors -> /home/racecar/ros2_ws/src/Team10_GROS5/install/racecar_behaviors/share/ament_index/resource_index/packages
[3.690s] copying package.xml -> /home/racecar/ros2_ws/src/Team10_GROS5/install/racecar_behaviors/share/racecar_behaviors
[3.690s] copying launch/behaviors.launch.py -> /home/racecar/ros2_ws/src/Team10_GROS5/install/racecar_behaviors/share/racecar_behaviors
[3.691s] copying launch/blob_detection.launch.py -> /home/racecar/ros2_ws/src/Team10_GROS5/install/racecar_behaviors/share/racecar_behaviors
[3.691s] copying cfg/BlobDetector.cfg -> /home/racecar/ros2_ws/src/Team10_GROS5/install/racecar_behaviors/share/racecar_behaviors
[3.691s] running install_egg_info
[3.807s] Copying ../../build/racecar_behaviors/racecar_behaviors.egg-info to /home/racecar/ros2_ws/src/Team10_GROS5/install/racecar_behaviors/lib/python3.12/site-packages/racecar_behaviors-0.0.0-py3.12.egg-info
[3.812s] running install_scripts
[4.671s] Installing blob_detector script to /home/racecar/ros2_ws/src/Team10_GROS5/install/racecar_behaviors/lib/racecar_behaviors
[4.671s] Installing goal_planner script to /home/racecar/ros2_ws/src/Team10_GROS5/install/racecar_behaviors/lib/racecar_behaviors
[4.672s] Installing labo_brushfire script to /home/racecar/ros2_ws/src/Team10_GROS5/install/racecar_behaviors/lib/racecar_behaviors
[4.673s] Installing laserscan_to_pointcloud script to /home/racecar/ros2_ws/src/Team10_GROS5/install/racecar_behaviors/lib/racecar_behaviors
[4.673s] Installing libbehaviors script to /home/racecar/ros2_ws/src/Team10_GROS5/install/racecar_behaviors/lib/racecar_behaviors
[4.673s] Installing obstacle_detector script to /home/racecar/ros2_ws/src/Team10_GROS5/install/racecar_behaviors/lib/racecar_behaviors
[4.674s] Installing path_following script to /home/racecar/ros2_ws/src/Team10_GROS5/install/racecar_behaviors/lib/racecar_behaviors
[4.674s] Installing u_turn script to /home/racecar/ros2_ws/src/Team10_GROS5/install/racecar_behaviors/lib/racecar_behaviors
[4.674s] Installing u_turn_goal script to /home/racecar/ros2_ws/src/Team10_GROS5/install/racecar_behaviors/lib/racecar_behaviors
[4.675s] writing list of installed files to '/home/racecar/ros2_ws/src/Team10_GROS5/build/racecar_behaviors/install.log'
[4.968s] Invoked command in '/home/racecar/ros2_ws/src/Team10_GROS5/racecar-ros2/racecar_behaviors' returned '0': DEBUGINFOD_URLS=https://debuginfod.ubuntu.com PYTHONPATH=/home/racecar/ros2_ws/src/Team10_GROS5/build/racecar_behaviors/prefix_override:/usr/lib/python3/dist-packages/colcon_core/task/python/colcon_distutils_commands:/home/racecar/ros2_ws/src/Team10_GROS5/install/racecar_behaviors/lib/python3.12/site-packages:${PYTHONPATH} /usr/bin/python3 -W ignore:setup.py install is deprecated -W ignore:easy_install command is deprecated setup.py egg_info --egg-base ../../build/racecar_behaviors build --build-base /home/racecar/ros2_ws/src/Team10_GROS5/build/racecar_behaviors/build install --record /home/racecar/ros2_ws/src/Team10_GROS5/build/racecar_behaviors/install.log --single-version-externally-managed install_data
